<?xml version="1.0" encoding="UTF-8"?>
<testsuite xmlns:xsi="http://www.w3.org/2001/XMLSchema-instance" xsi:noNamespaceSchemaLocation="https://maven.apache.org/surefire/maven-surefire-plugin/xsd/surefire-test-report.xsd" name="test.java.IAmTest" time="27.278" tests="2" errors="0" skipped="0" failures="1">
  <properties>
[...]
</properties>
  <testcase name="test1" classname="test.java.IAmTest" time="15.07"/>
  <testcase name="test1" classname="test.java.IAmTest" time="9.735">
    <failure message="Error message wrong did not expect to find [true] but found [false]" type="java.lang.AssertionError">java.lang.AssertionError: Error message wrong did not expect to find [true] but found [false]
	at test.java.IAmTest.checkErrorText(IAmTest.java:75)
	at test.java.IAmTest.test1(IAmTest.java:62)
</failure>
    <system-out><![CDATA[error11 ???? ?????, ??????? ??’?.
error22 ???? ?????, ??????? ????????.
error33 ???? ?????, ??????? ???? ??. ?????.
error44 ???? ?????, ??????? ??? ??????.
]]></system-out>
    <system-err><![CDATA[Starting ChromeDriver 77.0.3865.40 (f484704e052e0b556f8030b65b953dce96503217-refs/branch-heads/3865@{#442}) on port 36762
Only local connections are allowed.
Please protect ports used by ChromeDriver and related test frameworks to prevent access by malicious code.
Sep 18, 2019 6:49:40 PM org.openqa.selenium.remote.ProtocolHandshake createSession
INFO: Detected dialect: W3C
]]></system-err>
  </testcase>
</testsuite>